<?xml version="1.0" encoding="UTF-8"?>
<testsuite xmlns:xsi="http://www.w3.org/2001/XMLSchema-instance" xsi:noNamespaceSchemaLocation="https://maven.apache.org/surefire/maven-surefire-plugin/xsd/surefire-test-report-3.0.xsd" version="3.0" name="at.wielander.elevator.Algorithm.ElevatorAlgorithmTest" time="1.362" tests="1" errors="0" skipped="0" failures="0">
  <properties>
    <property name="java.specification.version" value="21"/>
    <property name="sun.jnu.encoding" value="UTF-8"/>
    <property name="java.class.path" value="/home/leed/Documents/ESD/3/SQE/target/test-classes:/home/leed/Documents/ESD/3/SQE/target/classes:/home/leed/.m2/repository/org/jetbrains/annotations/24.1.0/annotations-24.1.0.jar:/home/leed/.m2/repository/org/junit/jupiter/junit-jupiter/5.11.4/junit-jupiter-5.11.4.jar:/home/leed/.m2/repository/org/junit/jupiter/junit-jupiter-api/5.10.1/junit-jupiter-api-5.10.1.jar:/home/leed/.m2/repository/org/opentest4j/opentest4j/1.3.0/opentest4j-1.3.0.jar:/home/leed/.m2/repository/org/junit/platform/junit-platform-commons/1.10.1/junit-platform-commons-1.10.1.jar:/home/leed/.m2/repository/org/apiguardian/apiguardian-api/1.1.2/apiguardian-api-1.1.2.jar:/home/leed/.m2/repository/org/junit/jupiter/junit-jupiter-params/5.10.1/junit-jupiter-params-5.10.1.jar:/home/leed/.m2/repository/org/junit/jupiter/junit-jupiter-engine/5.10.1/junit-jupiter-engine-5.10.1.jar:/home/leed/.m2/repository/org/junit/platform/junit-platform-engine/1.10.1/junit-platform-engine-1.10.1.jar:/home/leed/.m2/repository/org/eclipse/paho/org.eclipse.paho.mqttv5.client/1.2.5/org.eclipse.paho.mqttv5.client-1.2.5.jar:/home/leed/.m2/repository/com/hivemq/hivemq-mqtt-client/1.3.0/hivemq-mqtt-client-1.3.0.jar:/home/leed/.m2/repository/io/reactivex/rxjava2/rxjava/2.2.19/rxjava-2.2.19.jar:/home/leed/.m2/repository/org/reactivestreams/reactive-streams/1.0.3/reactive-streams-1.0.3.jar:/home/leed/.m2/repository/io/netty/netty-buffer/4.1.48.Final/netty-buffer-4.1.48.Final.jar:/home/leed/.m2/repository/io/netty/netty-codec/4.1.48.Final/netty-codec-4.1.48.Final.jar:/home/leed/.m2/repository/io/netty/netty-common/4.1.48.Final/netty-common-4.1.48.Final.jar:/home/leed/.m2/repository/io/netty/netty-handler/4.1.48.Final/netty-handler-4.1.48.Final.jar:/home/leed/.m2/repository/io/netty/netty-resolver/4.1.48.Final/netty-resolver-4.1.48.Final.jar:/home/leed/.m2/repository/io/netty/netty-transport/4.1.48.Final/netty-transport-4.1.48.Final.jar:/home/leed/.m2/repository/org/jctools/jctools-core/2.1.2/jctools-core-2.1.2.jar:/home/leed/.m2/repository/com/google/dagger/dagger/2.27/dagger-2.27.jar:/home/leed/.m2/repository/javax/inject/javax.inject/1/javax.inject-1.jar:/home/leed/.m2/repository/org/testcontainers/hivemq/1.19.7/hivemq-1.19.7.jar:/home/leed/.m2/repository/org/testcontainers/testcontainers/1.20.4/testcontainers-1.20.4.jar:/home/leed/.m2/repository/junit/junit/4.13.2/junit-4.13.2.jar:/home/leed/.m2/repository/org/hamcrest/hamcrest-core/1.3/hamcrest-core-1.3.jar:/home/leed/.m2/repository/org/apache/commons/commons-compress/1.24.0/commons-compress-1.24.0.jar:/home/leed/.m2/repository/org/rnorth/duct-tape/duct-tape/1.0.8/duct-tape-1.0.8.jar:/home/leed/.m2/repository/com/github/docker-java/docker-java-api/3.4.0/docker-java-api-3.4.0.jar:/home/leed/.m2/repository/com/fasterxml/jackson/core/jackson-annotations/2.10.3/jackson-annotations-2.10.3.jar:/home/leed/.m2/repository/com/github/docker-java/docker-java-transport-zerodep/3.4.0/docker-java-transport-zerodep-3.4.0.jar:/home/leed/.m2/repository/com/github/docker-java/docker-java-transport/3.4.0/docker-java-transport-3.4.0.jar:/home/leed/.m2/repository/net/java/dev/jna/jna/5.13.0/jna-5.13.0.jar:/home/leed/.m2/repository/org/testcontainers/junit-jupiter/1.19.7/junit-jupiter-1.19.7.jar:/home/leed/.m2/repository/org/slf4j/slf4j-api/2.0.16/slf4j-api-2.0.16.jar:/home/leed/.m2/repository/org/slf4j/slf4j-simple/2.0.16/slf4j-simple-2.0.16.jar:/home/leed/.m2/repository/org/mockito/mockito-core/5.12.0/mockito-core-5.12.0.jar:/home/leed/.m2/repository/net/bytebuddy/byte-buddy-agent/1.14.15/byte-buddy-agent-1.14.15.jar:/home/leed/.m2/repository/org/objenesis/objenesis/3.3/objenesis-3.3.jar:/home/leed/.m2/repository/org/mockito/mockito-junit-jupiter/5.12.0/mockito-junit-jupiter-5.12.0.jar:/home/leed/.m2/repository/net/bytebuddy/byte-buddy/1.14.15/byte-buddy-1.14.15.jar:"/>
    <property name="java.vm.vendor" value="Ubuntu"/>
    <property name="sun.arch.data.model" value="64"/>
    <property name="java.vendor.url" value="https://ubuntu.com/"/>
    <property name="user.timezone" value="Europe/Vienna"/>
    <property name="os.name" value="Linux"/>
    <property name="java.vm.specification.version" value="21"/>
    <property name="sun.java.launcher" value="SUN_STANDARD"/>
    <property name="user.country" value="US"/>
    <property name="sun.boot.library.path" value="/usr/lib/jvm/java-21-openjdk-amd64/lib"/>
    <property name="sun.java.command" value="/home/leed/Documents/ESD/3/SQE/target/surefire/surefirebooter-20250108223220355_3.jar /home/leed/Documents/ESD/3/SQE/target/surefire 2025-01-08T22-32-20_314-jvmRun1 surefire-20250108223220355_1tmp surefire_0-20250108223220355_2tmp"/>
    <property name="jdk.debug" value="release"/>
    <property name="surefire.test.class.path" value="/home/leed/Documents/ESD/3/SQE/target/test-classes:/home/leed/Documents/ESD/3/SQE/target/classes:/home/leed/.m2/repository/org/jetbrains/annotations/24.1.0/annotations-24.1.0.jar:/home/leed/.m2/repository/org/junit/jupiter/junit-jupiter/5.11.4/junit-jupiter-5.11.4.jar:/home/leed/.m2/repository/org/junit/jupiter/junit-jupiter-api/5.10.1/junit-jupiter-api-5.10.1.jar:/home/leed/.m2/repository/org/opentest4j/opentest4j/1.3.0/opentest4j-1.3.0.jar:/home/leed/.m2/repository/org/junit/platform/junit-platform-commons/1.10.1/junit-platform-commons-1.10.1.jar:/home/leed/.m2/repository/org/apiguardian/apiguardian-api/1.1.2/apiguardian-api-1.1.2.jar:/home/leed/.m2/repository/org/junit/jupiter/junit-jupiter-params/5.10.1/junit-jupiter-params-5.10.1.jar:/home/leed/.m2/repository/org/junit/jupiter/junit-jupiter-engine/5.10.1/junit-jupiter-engine-5.10.1.jar:/home/leed/.m2/repository/org/junit/platform/junit-platform-engine/1.10.1/junit-platform-engine-1.10.1.jar:/home/leed/.m2/repository/org/eclipse/paho/org.eclipse.paho.mqttv5.client/1.2.5/org.eclipse.paho.mqttv5.client-1.2.5.jar:/home/leed/.m2/repository/com/hivemq/hivemq-mqtt-client/1.3.0/hivemq-mqtt-client-1.3.0.jar:/home/leed/.m2/repository/io/reactivex/rxjava2/rxjava/2.2.19/rxjava-2.2.19.jar:/home/leed/.m2/repository/org/reactivestreams/reactive-streams/1.0.3/reactive-streams-1.0.3.jar:/home/leed/.m2/repository/io/netty/netty-buffer/4.1.48.Final/netty-buffer-4.1.48.Final.jar:/home/leed/.m2/repository/io/netty/netty-codec/4.1.48.Final/netty-codec-4.1.48.Final.jar:/home/leed/.m2/repository/io/netty/netty-common/4.1.48.Final/netty-common-4.1.48.Final.jar:/home/leed/.m2/repository/io/netty/netty-handler/4.1.48.Final/netty-handler-4.1.48.Final.jar:/home/leed/.m2/repository/io/netty/netty-resolver/4.1.48.Final/netty-resolver-4.1.48.Final.jar:/home/leed/.m2/repository/io/netty/netty-transport/4.1.48.Final/netty-transport-4.1.48.Final.jar:/home/leed/.m2/repository/org/jctools/jctools-core/2.1.2/jctools-core-2.1.2.jar:/home/leed/.m2/repository/com/google/dagger/dagger/2.27/dagger-2.27.jar:/home/leed/.m2/repository/javax/inject/javax.inject/1/javax.inject-1.jar:/home/leed/.m2/repository/org/testcontainers/hivemq/1.19.7/hivemq-1.19.7.jar:/home/leed/.m2/repository/org/testcontainers/testcontainers/1.20.4/testcontainers-1.20.4.jar:/home/leed/.m2/repository/junit/junit/4.13.2/junit-4.13.2.jar:/home/leed/.m2/repository/org/hamcrest/hamcrest-core/1.3/hamcrest-core-1.3.jar:/home/leed/.m2/repository/org/apache/commons/commons-compress/1.24.0/commons-compress-1.24.0.jar:/home/leed/.m2/repository/org/rnorth/duct-tape/duct-tape/1.0.8/duct-tape-1.0.8.jar:/home/leed/.m2/repository/com/github/docker-java/docker-java-api/3.4.0/docker-java-api-3.4.0.jar:/home/leed/.m2/repository/com/fasterxml/jackson/core/jackson-annotations/2.10.3/jackson-annotations-2.10.3.jar:/home/leed/.m2/repository/com/github/docker-java/docker-java-transport-zerodep/3.4.0/docker-java-transport-zerodep-3.4.0.jar:/home/leed/.m2/repository/com/github/docker-java/docker-java-transport/3.4.0/docker-java-transport-3.4.0.jar:/home/leed/.m2/repository/net/java/dev/jna/jna/5.13.0/jna-5.13.0.jar:/home/leed/.m2/repository/org/testcontainers/junit-jupiter/1.19.7/junit-jupiter-1.19.7.jar:/home/leed/.m2/repository/org/slf4j/slf4j-api/2.0.16/slf4j-api-2.0.16.jar:/home/leed/.m2/repository/org/slf4j/slf4j-simple/2.0.16/slf4j-simple-2.0.16.jar:/home/leed/.m2/repository/org/mockito/mockito-core/5.12.0/mockito-core-5.12.0.jar:/home/leed/.m2/repository/net/bytebuddy/byte-buddy-agent/1.14.15/byte-buddy-agent-1.14.15.jar:/home/leed/.m2/repository/org/objenesis/objenesis/3.3/objenesis-3.3.jar:/home/leed/.m2/repository/org/mockito/mockito-junit-jupiter/5.12.0/mockito-junit-jupiter-5.12.0.jar:/home/leed/.m2/repository/net/bytebuddy/byte-buddy/1.14.15/byte-buddy-1.14.15.jar:"/>
    <property name="sun.cpu.endian" value="little"/>
    <property name="user.home" value="/home/leed"/>
    <property name="user.language" value="en"/>
    <property name="java.specification.vendor" value="Oracle Corporation"/>
    <property name="java.version.date" value="2024-10-15"/>
    <property name="java.home" value="/usr/lib/jvm/java-21-openjdk-amd64"/>
    <property name="file.separator" value="/"/>
    <property name="basedir" value="/home/leed/Documents/ESD/3/SQE"/>
    <property name="java.vm.compressedOopsMode" value="Zero based"/>
    <property name="line.separator" value="&#10;"/>
    <property name="java.specification.name" value="Java Platform API Specification"/>
    <property name="java.vm.specification.vendor" value="Oracle Corporation"/>
    <property name="surefire.real.class.path" value="/home/leed/Documents/ESD/3/SQE/target/surefire/surefirebooter-20250108223220355_3.jar"/>
    <property name="sun.management.compiler" value="HotSpot 64-Bit Tiered Compilers"/>
    <property name="java.runtime.version" value="21.0.5+11-Ubuntu-1ubuntu124.04"/>
    <property name="user.name" value="leed"/>
    <property name="stdout.encoding" value="UTF-8"/>
    <property name="path.separator" value=":"/>
    <property name="os.version" value="6.8.0-51-generic"/>
    <property name="java.runtime.name" value="OpenJDK Runtime Environment"/>
    <property name="file.encoding" value="UTF-8"/>
    <property name="sun.nio.ch.bugLevel" value=""/>
    <property name="java.vm.name" value="OpenJDK 64-Bit Server VM"/>
    <property name="localRepository" value="/home/leed/.m2/repository"/>
    <property name="java.vendor.url.bug" value="https://bugs.launchpad.net/ubuntu/+source/openjdk-21"/>
    <property name="java.io.tmpdir" value="/tmp"/>
    <property name="java.version" value="21.0.5"/>
    <property name="user.dir" value="/home/leed/Documents/ESD/3/SQE"/>
    <property name="os.arch" value="amd64"/>
    <property name="java.vm.specification.name" value="Java Virtual Machine Specification"/>
    <property name="native.encoding" value="UTF-8"/>
    <property name="java.library.path" value="/usr/java/packages/lib:/usr/lib/x86_64-linux-gnu/jni:/lib/x86_64-linux-gnu:/usr/lib/x86_64-linux-gnu:/usr/lib/jni:/lib:/usr/lib"/>
    <property name="java.vm.info" value="mixed mode, sharing"/>
    <property name="stderr.encoding" value="UTF-8"/>
    <property name="java.vendor" value="Ubuntu"/>
    <property name="java.vm.version" value="21.0.5+11-Ubuntu-1ubuntu124.04"/>
    <property name="sun.io.unicode.encoding" value="UnicodeLittle"/>
    <property name="java.class.version" value="65.0"/>
  </properties>
  <testcase name="givenTestContainer_whenCheckingStatus_ThenExpectContainerShouldBeRunning" classname="at.wielander.elevator.Algorithm.ElevatorAlgorithmTest" time="1.361">
    <system-out><![CDATA[Host addresse: tcp://localhost:34054
]]></system-out>
    <system-err><![CDATA[[main] INFO tc.hivemq/hivemq-ce:2024.3 - Creating container for image: hivemq/hivemq-ce:2024.3
[main] INFO tc.hivemq/hivemq-ce:2024.3 - Container hivemq/hivemq-ce:2024.3 is starting: 6b425f761830c415332211834cad38a1d323c049994fde5689bf29d973ab2781
[main] INFO tc.hivemq/hivemq-ce:2024.3 - Container hivemq/hivemq-ce:2024.3 started in PT1.075918767S
]]></system-err>
  </testcase>
</testsuite>