<?xml version="1.0" encoding="UTF-8"?>
<testsuite xmlns:xsi="http://www.w3.org/2001/XMLSchema-instance" xsi:noNamespaceSchemaLocation="https://maven.apache.org/surefire/maven-surefire-plugin/xsd/surefire-test-report-3.0.xsd" version="3.0" name="at.wielander.elevator.Model.MQTTAdapterTest" time="17.701" tests="7" errors="0" skipped="0" failures="0">
  <properties>
    <property name="java.specification.version" value="21"/>
    <property name="sun.jnu.encoding" value="UTF-8"/>
    <property name="java.class.path" value="/home/leed/Documents/ESD/3/SQE/target/test-classes:/home/leed/Documents/ESD/3/SQE/target/classes:/home/leed/.m2/repository/org/jetbrains/annotations/24.1.0/annotations-24.1.0.jar:/home/leed/.m2/repository/org/junit/jupiter/junit-jupiter/5.11.4/junit-jupiter-5.11.4.jar:/home/leed/.m2/repository/org/junit/jupiter/junit-jupiter-api/5.10.1/junit-jupiter-api-5.10.1.jar:/home/leed/.m2/repository/org/opentest4j/opentest4j/1.3.0/opentest4j-1.3.0.jar:/home/leed/.m2/repository/org/junit/platform/junit-platform-commons/1.10.1/junit-platform-commons-1.10.1.jar:/home/leed/.m2/repository/org/apiguardian/apiguardian-api/1.1.2/apiguardian-api-1.1.2.jar:/home/leed/.m2/repository/org/junit/jupiter/junit-jupiter-params/5.10.1/junit-jupiter-params-5.10.1.jar:/home/leed/.m2/repository/org/junit/jupiter/junit-jupiter-engine/5.10.1/junit-jupiter-engine-5.10.1.jar:/home/leed/.m2/repository/org/junit/platform/junit-platform-engine/1.10.1/junit-platform-engine-1.10.1.jar:/home/leed/.m2/repository/org/eclipse/paho/org.eclipse.paho.mqttv5.client/1.2.5/org.eclipse.paho.mqttv5.client-1.2.5.jar:/home/leed/.m2/repository/com/hivemq/hivemq-mqtt-client/1.3.0/hivemq-mqtt-client-1.3.0.jar:/home/leed/.m2/repository/io/reactivex/rxjava2/rxjava/2.2.19/rxjava-2.2.19.jar:/home/leed/.m2/repository/org/reactivestreams/reactive-streams/1.0.3/reactive-streams-1.0.3.jar:/home/leed/.m2/repository/io/netty/netty-buffer/4.1.48.Final/netty-buffer-4.1.48.Final.jar:/home/leed/.m2/repository/io/netty/netty-codec/4.1.48.Final/netty-codec-4.1.48.Final.jar:/home/leed/.m2/repository/io/netty/netty-common/4.1.48.Final/netty-common-4.1.48.Final.jar:/home/leed/.m2/repository/io/netty/netty-handler/4.1.48.Final/netty-handler-4.1.48.Final.jar:/home/leed/.m2/repository/io/netty/netty-resolver/4.1.48.Final/netty-resolver-4.1.48.Final.jar:/home/leed/.m2/repository/io/netty/netty-transport/4.1.48.Final/netty-transport-4.1.48.Final.jar:/home/leed/.m2/repository/org/jctools/jctools-core/2.1.2/jctools-core-2.1.2.jar:/home/leed/.m2/repository/com/google/dagger/dagger/2.27/dagger-2.27.jar:/home/leed/.m2/repository/javax/inject/javax.inject/1/javax.inject-1.jar:/home/leed/.m2/repository/org/testcontainers/hivemq/1.19.7/hivemq-1.19.7.jar:/home/leed/.m2/repository/org/testcontainers/testcontainers/1.20.4/testcontainers-1.20.4.jar:/home/leed/.m2/repository/junit/junit/4.13.2/junit-4.13.2.jar:/home/leed/.m2/repository/org/hamcrest/hamcrest-core/1.3/hamcrest-core-1.3.jar:/home/leed/.m2/repository/org/apache/commons/commons-compress/1.24.0/commons-compress-1.24.0.jar:/home/leed/.m2/repository/org/rnorth/duct-tape/duct-tape/1.0.8/duct-tape-1.0.8.jar:/home/leed/.m2/repository/com/github/docker-java/docker-java-api/3.4.0/docker-java-api-3.4.0.jar:/home/leed/.m2/repository/com/fasterxml/jackson/core/jackson-annotations/2.10.3/jackson-annotations-2.10.3.jar:/home/leed/.m2/repository/com/github/docker-java/docker-java-transport-zerodep/3.4.0/docker-java-transport-zerodep-3.4.0.jar:/home/leed/.m2/repository/com/github/docker-java/docker-java-transport/3.4.0/docker-java-transport-3.4.0.jar:/home/leed/.m2/repository/net/java/dev/jna/jna/5.13.0/jna-5.13.0.jar:/home/leed/.m2/repository/org/testcontainers/junit-jupiter/1.19.7/junit-jupiter-1.19.7.jar:/home/leed/.m2/repository/org/slf4j/slf4j-api/2.0.16/slf4j-api-2.0.16.jar:/home/leed/.m2/repository/org/slf4j/slf4j-simple/2.0.16/slf4j-simple-2.0.16.jar:/home/leed/.m2/repository/org/mockito/mockito-core/5.12.0/mockito-core-5.12.0.jar:/home/leed/.m2/repository/net/bytebuddy/byte-buddy-agent/1.14.15/byte-buddy-agent-1.14.15.jar:/home/leed/.m2/repository/org/objenesis/objenesis/3.3/objenesis-3.3.jar:/home/leed/.m2/repository/org/mockito/mockito-junit-jupiter/5.12.0/mockito-junit-jupiter-5.12.0.jar:/home/leed/.m2/repository/net/bytebuddy/byte-buddy/1.14.15/byte-buddy-1.14.15.jar:"/>
    <property name="java.vm.vendor" value="Ubuntu"/>
    <property name="sun.arch.data.model" value="64"/>
    <property name="java.vendor.url" value="https://ubuntu.com/"/>
    <property name="user.timezone" value="Europe/Vienna"/>
    <property name="os.name" value="Linux"/>
    <property name="java.vm.specification.version" value="21"/>
    <property name="sun.java.launcher" value="SUN_STANDARD"/>
    <property name="user.country" value="US"/>
    <property name="sun.boot.library.path" value="/usr/lib/jvm/java-21-openjdk-amd64/lib"/>
    <property name="sun.java.command" value="/home/leed/Documents/ESD/3/SQE/target/surefire/surefirebooter-20250108210656119_3.jar /home/leed/Documents/ESD/3/SQE/target/surefire 2025-01-08T21-06-56_072-jvmRun1 surefire-20250108210656119_1tmp surefire_0-20250108210656119_2tmp"/>
    <property name="jdk.debug" value="release"/>
    <property name="surefire.test.class.path" value="/home/leed/Documents/ESD/3/SQE/target/test-classes:/home/leed/Documents/ESD/3/SQE/target/classes:/home/leed/.m2/repository/org/jetbrains/annotations/24.1.0/annotations-24.1.0.jar:/home/leed/.m2/repository/org/junit/jupiter/junit-jupiter/5.11.4/junit-jupiter-5.11.4.jar:/home/leed/.m2/repository/org/junit/jupiter/junit-jupiter-api/5.10.1/junit-jupiter-api-5.10.1.jar:/home/leed/.m2/repository/org/opentest4j/opentest4j/1.3.0/opentest4j-1.3.0.jar:/home/leed/.m2/repository/org/junit/platform/junit-platform-commons/1.10.1/junit-platform-commons-1.10.1.jar:/home/leed/.m2/repository/org/apiguardian/apiguardian-api/1.1.2/apiguardian-api-1.1.2.jar:/home/leed/.m2/repository/org/junit/jupiter/junit-jupiter-params/5.10.1/junit-jupiter-params-5.10.1.jar:/home/leed/.m2/repository/org/junit/jupiter/junit-jupiter-engine/5.10.1/junit-jupiter-engine-5.10.1.jar:/home/leed/.m2/repository/org/junit/platform/junit-platform-engine/1.10.1/junit-platform-engine-1.10.1.jar:/home/leed/.m2/repository/org/eclipse/paho/org.eclipse.paho.mqttv5.client/1.2.5/org.eclipse.paho.mqttv5.client-1.2.5.jar:/home/leed/.m2/repository/com/hivemq/hivemq-mqtt-client/1.3.0/hivemq-mqtt-client-1.3.0.jar:/home/leed/.m2/repository/io/reactivex/rxjava2/rxjava/2.2.19/rxjava-2.2.19.jar:/home/leed/.m2/repository/org/reactivestreams/reactive-streams/1.0.3/reactive-streams-1.0.3.jar:/home/leed/.m2/repository/io/netty/netty-buffer/4.1.48.Final/netty-buffer-4.1.48.Final.jar:/home/leed/.m2/repository/io/netty/netty-codec/4.1.48.Final/netty-codec-4.1.48.Final.jar:/home/leed/.m2/repository/io/netty/netty-common/4.1.48.Final/netty-common-4.1.48.Final.jar:/home/leed/.m2/repository/io/netty/netty-handler/4.1.48.Final/netty-handler-4.1.48.Final.jar:/home/leed/.m2/repository/io/netty/netty-resolver/4.1.48.Final/netty-resolver-4.1.48.Final.jar:/home/leed/.m2/repository/io/netty/netty-transport/4.1.48.Final/netty-transport-4.1.48.Final.jar:/home/leed/.m2/repository/org/jctools/jctools-core/2.1.2/jctools-core-2.1.2.jar:/home/leed/.m2/repository/com/google/dagger/dagger/2.27/dagger-2.27.jar:/home/leed/.m2/repository/javax/inject/javax.inject/1/javax.inject-1.jar:/home/leed/.m2/repository/org/testcontainers/hivemq/1.19.7/hivemq-1.19.7.jar:/home/leed/.m2/repository/org/testcontainers/testcontainers/1.20.4/testcontainers-1.20.4.jar:/home/leed/.m2/repository/junit/junit/4.13.2/junit-4.13.2.jar:/home/leed/.m2/repository/org/hamcrest/hamcrest-core/1.3/hamcrest-core-1.3.jar:/home/leed/.m2/repository/org/apache/commons/commons-compress/1.24.0/commons-compress-1.24.0.jar:/home/leed/.m2/repository/org/rnorth/duct-tape/duct-tape/1.0.8/duct-tape-1.0.8.jar:/home/leed/.m2/repository/com/github/docker-java/docker-java-api/3.4.0/docker-java-api-3.4.0.jar:/home/leed/.m2/repository/com/fasterxml/jackson/core/jackson-annotations/2.10.3/jackson-annotations-2.10.3.jar:/home/leed/.m2/repository/com/github/docker-java/docker-java-transport-zerodep/3.4.0/docker-java-transport-zerodep-3.4.0.jar:/home/leed/.m2/repository/com/github/docker-java/docker-java-transport/3.4.0/docker-java-transport-3.4.0.jar:/home/leed/.m2/repository/net/java/dev/jna/jna/5.13.0/jna-5.13.0.jar:/home/leed/.m2/repository/org/testcontainers/junit-jupiter/1.19.7/junit-jupiter-1.19.7.jar:/home/leed/.m2/repository/org/slf4j/slf4j-api/2.0.16/slf4j-api-2.0.16.jar:/home/leed/.m2/repository/org/slf4j/slf4j-simple/2.0.16/slf4j-simple-2.0.16.jar:/home/leed/.m2/repository/org/mockito/mockito-core/5.12.0/mockito-core-5.12.0.jar:/home/leed/.m2/repository/net/bytebuddy/byte-buddy-agent/1.14.15/byte-buddy-agent-1.14.15.jar:/home/leed/.m2/repository/org/objenesis/objenesis/3.3/objenesis-3.3.jar:/home/leed/.m2/repository/org/mockito/mockito-junit-jupiter/5.12.0/mockito-junit-jupiter-5.12.0.jar:/home/leed/.m2/repository/net/bytebuddy/byte-buddy/1.14.15/byte-buddy-1.14.15.jar:"/>
    <property name="sun.cpu.endian" value="little"/>
    <property name="user.home" value="/home/leed"/>
    <property name="user.language" value="en"/>
    <property name="java.specification.vendor" value="Oracle Corporation"/>
    <property name="java.version.date" value="2024-10-15"/>
    <property name="java.home" value="/usr/lib/jvm/java-21-openjdk-amd64"/>
    <property name="file.separator" value="/"/>
    <property name="basedir" value="/home/leed/Documents/ESD/3/SQE"/>
    <property name="java.vm.compressedOopsMode" value="Zero based"/>
    <property name="line.separator" value="&#10;"/>
    <property name="java.specification.name" value="Java Platform API Specification"/>
    <property name="java.vm.specification.vendor" value="Oracle Corporation"/>
    <property name="surefire.real.class.path" value="/home/leed/Documents/ESD/3/SQE/target/surefire/surefirebooter-20250108210656119_3.jar"/>
    <property name="sun.management.compiler" value="HotSpot 64-Bit Tiered Compilers"/>
    <property name="java.runtime.version" value="21.0.5+11-Ubuntu-1ubuntu124.04"/>
    <property name="user.name" value="leed"/>
    <property name="stdout.encoding" value="UTF-8"/>
    <property name="path.separator" value=":"/>
    <property name="os.version" value="6.8.0-51-generic"/>
    <property name="java.runtime.name" value="OpenJDK Runtime Environment"/>
    <property name="file.encoding" value="UTF-8"/>
    <property name="sun.nio.ch.bugLevel" value=""/>
    <property name="java.vm.name" value="OpenJDK 64-Bit Server VM"/>
    <property name="localRepository" value="/home/leed/.m2/repository"/>
    <property name="java.vendor.url.bug" value="https://bugs.launchpad.net/ubuntu/+source/openjdk-21"/>
    <property name="java.io.tmpdir" value="/tmp"/>
    <property name="java.version" value="21.0.5"/>
    <property name="user.dir" value="/home/leed/Documents/ESD/3/SQE"/>
    <property name="os.arch" value="amd64"/>
    <property name="java.vm.specification.name" value="Java Virtual Machine Specification"/>
    <property name="native.encoding" value="UTF-8"/>
    <property name="java.library.path" value="/usr/java/packages/lib:/usr/lib/x86_64-linux-gnu/jni:/lib/x86_64-linux-gnu:/usr/lib/x86_64-linux-gnu:/usr/lib/jni:/lib:/usr/lib"/>
    <property name="java.vm.info" value="mixed mode, sharing"/>
    <property name="stderr.encoding" value="UTF-8"/>
    <property name="java.vendor" value="Ubuntu"/>
    <property name="java.vm.version" value="21.0.5+11-Ubuntu-1ubuntu124.04"/>
    <property name="sun.io.unicode.encoding" value="UnicodeLittle"/>
    <property name="java.class.version" value="65.0"/>
  </properties>
  <testcase name="testMQTTAdapterWithMockedElevatorAPI" classname="at.wielander.elevator.Model.MQTTAdapterTest" time="3.123">
    <system-out><![CDATA[Host addresse: tcp://localhost:34002
Connected to MQTT broker: CONNACK
MQTT Adapter running
Nachricht veröffentlicht: true für Topic: elevator/0/floorService/2
Nachricht veröffentlicht: 1 für Topic: elevator/0/committedDirection
Nachricht veröffentlicht: 3 für Topic: elevator/0/targetFloor
Received message on topic: elevator/0/committedDirection with payload: 1
Elevator 0 committed direction: 1
Received message on topic: elevator/0/floorService/2 with payload: true
Elevator 0 floor 2 service: true
Received message on topic: elevator/0/targetFloor with payload: 3
Elevator 0 target floor: 3
Disconnected from MQTT broker.
]]></system-out>
    <system-err><![CDATA[[main] INFO org.testcontainers.images.PullPolicy - Image pull policy will be performed by: DefaultPullPolicy()
[main] INFO org.testcontainers.utility.ImageNameSubstitutor - Image name substitution will be performed by: DefaultImageNameSubstitutor (composite of 'ConfigurationFileImageNameSubstitutor' and 'PrefixingImageNameSubstitutor')
[main] INFO org.testcontainers.DockerClientFactory - Testcontainers version: 1.20.4
[main] INFO org.testcontainers.dockerclient.DockerClientProviderStrategy - Loaded org.testcontainers.dockerclient.UnixSocketClientProviderStrategy from ~/.testcontainers.properties, will try it first
[main] INFO org.testcontainers.dockerclient.DockerClientProviderStrategy - Found Docker environment with local Unix socket (unix:///var/run/docker.sock)
[main] INFO org.testcontainers.DockerClientFactory - Docker host IP address is localhost
[main] INFO org.testcontainers.DockerClientFactory - Connected to docker: 
  Server Version: 27.2.0
  API Version: 1.47
  Operating System: Ubuntu Core 22
  Total Memory: 31196 MB
[main] INFO tc.testcontainers/ryuk:0.11.0 - Creating container for image: testcontainers/ryuk:0.11.0
[main] INFO org.testcontainers.utility.RegistryAuthLocator - Credential helper/store (docker-credential-desktop) does not have credentials for https://index.docker.io/v1/
[main] INFO tc.testcontainers/ryuk:0.11.0 - Container testcontainers/ryuk:0.11.0 is starting: ec38464935323a06f2fc494d8f069feed8e6dc095d5f5dab0a96f3048aa3155b
[main] INFO tc.testcontainers/ryuk:0.11.0 - Container testcontainers/ryuk:0.11.0 started in PT0.262018113S
[main] INFO org.testcontainers.utility.RyukResourceReaper - Ryuk started - will monitor and terminate Testcontainers containers on JVM exit
[main] INFO org.testcontainers.DockerClientFactory - Checking the system...
[main] INFO org.testcontainers.DockerClientFactory - ✔︎ Docker server version should be at least 1.6.0
[main] INFO tc.hivemq/hivemq-ce:2024.3 - Creating container for image: hivemq/hivemq-ce:2024.3
[main] INFO tc.hivemq/hivemq-ce:2024.3 - Container hivemq/hivemq-ce:2024.3 is starting: db319fafcdf9ad9f945d34417111324b735352f2d7f3efaab0f39c993763a448
[main] INFO tc.hivemq/hivemq-ce:2024.3 - Container hivemq/hivemq-ce:2024.3 started in PT1.089312582S
]]></system-err>
  </testcase>
  <testcase name="testContainerStartup" classname="at.wielander.elevator.Model.MQTTAdapterTest" time="1.368">
    <system-out><![CDATA[Host addresse: tcp://localhost:34003
]]></system-out>
    <system-err><![CDATA[[main] INFO tc.hivemq/hivemq-ce:2024.3 - Creating container for image: hivemq/hivemq-ce:2024.3
[main] INFO tc.hivemq/hivemq-ce:2024.3 - Container hivemq/hivemq-ce:2024.3 is starting: d8a59398bb7475f8999918c448c7968d75bf358ebcf6b37d9e6a1c9bad31e6c1
[main] INFO tc.hivemq/hivemq-ce:2024.3 - Container hivemq/hivemq-ce:2024.3 started in PT1.078447348S
Failed to disconnect: MQTT client is not connected.
]]></system-err>
  </testcase>
  <testcase name="testDisconnect" classname="at.wielander.elevator.Model.MQTTAdapterTest" time="1.616">
    <system-out><![CDATA[Host addresse: tcp://localhost:34004
Connected to MQTT broker: CONNACK
Disconnected from MQTT broker.
]]></system-out>
    <system-err><![CDATA[[main] INFO tc.hivemq/hivemq-ce:2024.3 - Creating container for image: hivemq/hivemq-ce:2024.3
[main] INFO tc.hivemq/hivemq-ce:2024.3 - Container hivemq/hivemq-ce:2024.3 is starting: 82ff7c0a0e050b4092d0ac2fb3d610d610fb655ec8380d987e5e783ee80d8c80
[main] INFO tc.hivemq/hivemq-ce:2024.3 - Container hivemq/hivemq-ce:2024.3 started in PT1.109867376S
Failed to disconnect: MQTT client is not connected.
]]></system-err>
  </testcase>
  <testcase name="testPeriodicUpdates" classname="at.wielander.elevator.Model.MQTTAdapterTest" time="6.706">
    <system-out><![CDATA[Host addresse: tcp://localhost:34005
Connected to MQTT broker: CONNACK
MQTT Adapter running
Subscription erfolgreich für Topic: elevator/0/currentFloor
Subscription erfolgreich für Topic: elevator/0/speed
Subscription erfolgreich für Topic: elevator/0/weight
Subscription erfolgreich für Topic: elevator/0/doorState
Subscription erfolgreich für Topic: elevator/0/button/0
Subscription erfolgreich für Topic: elevator/0/button/1
Subscription erfolgreich für Topic: elevator/0/button/2
Subscription erfolgreich für Topic: elevator/0/button/3
Subscription erfolgreich für Topic: elevator/1/currentFloor
Subscription erfolgreich für Topic: elevator/1/speed
Subscription erfolgreich für Topic: elevator/1/weight
Subscription erfolgreich für Topic: elevator/1/doorState
Subscription erfolgreich für Topic: elevator/1/button/0
Subscription erfolgreich für Topic: elevator/1/button/1
Subscription erfolgreich für Topic: elevator/1/button/2
Subscription erfolgreich für Topic: elevator/1/button/3
Subscription erfolgreich für Topic: floor/0/buttonDown
Subscription erfolgreich für Topic: floor/0/buttonUp
Subscription erfolgreich für Topic: floor/1/buttonDown
Subscription erfolgreich für Topic: floor/1/buttonUp
Subscription erfolgreich für Topic: floor/2/buttonDown
Subscription erfolgreich für Topic: floor/2/buttonUp
Subscription erfolgreich für Topic: floor/3/buttonDown
Subscription erfolgreich für Topic: floor/3/buttonUp
Nachricht empfangen: 0 für Topic: elevator/1/currentFloor
Nachricht empfangen: 0 für Topic: elevator/1/speed
Nachricht empfangen: 0 für Topic: elevator/1/weight
Nachricht empfangen: 2 für Topic: elevator/1/doorState
Nachricht empfangen: false für Topic: elevator/1/button/1
Nachricht empfangen: false für Topic: elevator/1/button/2
Nachricht empfangen: false für Topic: elevator/1/button/3
Nachricht empfangen: false für Topic: floor/1/buttonDown
Nachricht empfangen: false für Topic: floor/1/buttonUp
Nachricht empfangen: false für Topic: floor/2/buttonDown
Nachricht empfangen: false für Topic: floor/2/buttonUp
Nachricht empfangen: false für Topic: floor/3/buttonDown
Nachricht empfangen: false für Topic: floor/3/buttonUp
MQTT Adapter running
Disconnected from MQTT broker.
]]></system-out>
    <system-err><![CDATA[[main] INFO tc.hivemq/hivemq-ce:2024.3 - Creating container for image: hivemq/hivemq-ce:2024.3
[main] INFO tc.hivemq/hivemq-ce:2024.3 - Container hivemq/hivemq-ce:2024.3 is starting: f53c5eaa311dbccde930efc7797192b1a3fb326fbe148ed2b3426433882e8295
[main] INFO tc.hivemq/hivemq-ce:2024.3 - Container hivemq/hivemq-ce:2024.3 started in PT1.089785489S
]]></system-err>
  </testcase>
  <testcase name="testConnect" classname="at.wielander.elevator.Model.MQTTAdapterTest" time="1.611">
    <system-out><![CDATA[Host addresse: tcp://localhost:34006
Connected to MQTT broker: CONNACK
Disconnected from MQTT broker.
]]></system-out>
    <system-err><![CDATA[[main] INFO tc.hivemq/hivemq-ce:2024.3 - Creating container for image: hivemq/hivemq-ce:2024.3
[main] INFO tc.hivemq/hivemq-ce:2024.3 - Container hivemq/hivemq-ce:2024.3 is starting: 5a0e601ca0f8ed5ac01edf41ce0969f2652ff933cb642401b452876fa9ffac2b
[main] INFO tc.hivemq/hivemq-ce:2024.3 - Container hivemq/hivemq-ce:2024.3 started in PT1.114565021S
]]></system-err>
  </testcase>
  <testcase name="testReconnect" classname="at.wielander.elevator.Model.MQTTAdapterTest" time="1.59">
    <system-out><![CDATA[Host addresse: tcp://localhost:34007
Reconnected to MQTT broker.
Disconnected from MQTT broker.
]]></system-out>
    <system-err><![CDATA[[main] INFO tc.hivemq/hivemq-ce:2024.3 - Creating container for image: hivemq/hivemq-ce:2024.3
[main] INFO tc.hivemq/hivemq-ce:2024.3 - Container hivemq/hivemq-ce:2024.3 is starting: 721f876d2db11fdf593f43e7433dd70d04f8049626a46251b4c2ce9a7aac080e
[main] INFO tc.hivemq/hivemq-ce:2024.3 - Container hivemq/hivemq-ce:2024.3 started in PT1.085966129S
]]></system-err>
  </testcase>
  <testcase name="testPublishRetainedTopics" classname="at.wielander.elevator.Model.MQTTAdapterTest" time="1.627">
    <system-out><![CDATA[Host addresse: tcp://localhost:34008
Connected to MQTT broker: CONNACK
Subscription erfolgreich für Topic: building/info/numberOfFloors
Subscription erfolgreich für Topic: building/info/numberOfElevators
Subscription erfolgreich für Topic: building/info/floorHeight/feet
MQTT Adapter running
Disconnected from MQTT broker.
Error publishing messages
]]></system-out>
    <system-err><![CDATA[[main] INFO tc.hivemq/hivemq-ce:2024.3 - Creating container for image: hivemq/hivemq-ce:2024.3
[main] INFO tc.hivemq/hivemq-ce:2024.3 - Container hivemq/hivemq-ce:2024.3 is starting: 505481881f9c9e77092481f29030944cadcb9d55d48cf74a3e004d7807be0ffc
[main] INFO tc.hivemq/hivemq-ce:2024.3 - Container hivemq/hivemq-ce:2024.3 started in PT1.091062897S
]]></system-err>
  </testcase>
</testsuite>