<?xml version="1.0" encoding="UTF-8"?>
<testsuite xmlns:xsi="http://www.w3.org/2001/XMLSchema-instance" xsi:noNamespaceSchemaLocation="https://maven.apache.org/surefire/maven-surefire-plugin/xsd/surefire-test-report-3.0.xsd" version="3.0" name="at.wielander.elevator.Model.MQTTAdapterTest" time="17.823" tests="7" errors="0" skipped="0" failures="0">
  <properties>
    <property name="java.specification.version" value="21"/>
    <property name="sun.jnu.encoding" value="UTF-8"/>
    <property name="java.class.path" value="/home/leed/Documents/ESD/3/SQE/target/test-classes:/home/leed/Documents/ESD/3/SQE/target/classes:/home/leed/.m2/repository/org/jetbrains/annotations/24.1.0/annotations-24.1.0.jar:/home/leed/.m2/repository/org/junit/jupiter/junit-jupiter/5.11.4/junit-jupiter-5.11.4.jar:/home/leed/.m2/repository/org/junit/jupiter/junit-jupiter-api/5.10.1/junit-jupiter-api-5.10.1.jar:/home/leed/.m2/repository/org/opentest4j/opentest4j/1.3.0/opentest4j-1.3.0.jar:/home/leed/.m2/repository/org/junit/platform/junit-platform-commons/1.10.1/junit-platform-commons-1.10.1.jar:/home/leed/.m2/repository/org/apiguardian/apiguardian-api/1.1.2/apiguardian-api-1.1.2.jar:/home/leed/.m2/repository/org/junit/jupiter/junit-jupiter-params/5.10.1/junit-jupiter-params-5.10.1.jar:/home/leed/.m2/repository/org/junit/jupiter/junit-jupiter-engine/5.10.1/junit-jupiter-engine-5.10.1.jar:/home/leed/.m2/repository/org/junit/platform/junit-platform-engine/1.10.1/junit-platform-engine-1.10.1.jar:/home/leed/.m2/repository/org/eclipse/paho/org.eclipse.paho.mqttv5.client/1.2.5/org.eclipse.paho.mqttv5.client-1.2.5.jar:/home/leed/.m2/repository/com/hivemq/hivemq-mqtt-client/1.3.0/hivemq-mqtt-client-1.3.0.jar:/home/leed/.m2/repository/io/reactivex/rxjava2/rxjava/2.2.19/rxjava-2.2.19.jar:/home/leed/.m2/repository/org/reactivestreams/reactive-streams/1.0.3/reactive-streams-1.0.3.jar:/home/leed/.m2/repository/io/netty/netty-buffer/4.1.48.Final/netty-buffer-4.1.48.Final.jar:/home/leed/.m2/repository/io/netty/netty-codec/4.1.48.Final/netty-codec-4.1.48.Final.jar:/home/leed/.m2/repository/io/netty/netty-common/4.1.48.Final/netty-common-4.1.48.Final.jar:/home/leed/.m2/repository/io/netty/netty-handler/4.1.48.Final/netty-handler-4.1.48.Final.jar:/home/leed/.m2/repository/io/netty/netty-resolver/4.1.48.Final/netty-resolver-4.1.48.Final.jar:/home/leed/.m2/repository/io/netty/netty-transport/4.1.48.Final/netty-transport-4.1.48.Final.jar:/home/leed/.m2/repository/org/jctools/jctools-core/2.1.2/jctools-core-2.1.2.jar:/home/leed/.m2/repository/com/google/dagger/dagger/2.27/dagger-2.27.jar:/home/leed/.m2/repository/javax/inject/javax.inject/1/javax.inject-1.jar:/home/leed/.m2/repository/org/testcontainers/hivemq/1.19.7/hivemq-1.19.7.jar:/home/leed/.m2/repository/org/testcontainers/testcontainers/1.20.4/testcontainers-1.20.4.jar:/home/leed/.m2/repository/junit/junit/4.13.2/junit-4.13.2.jar:/home/leed/.m2/repository/org/hamcrest/hamcrest-core/1.3/hamcrest-core-1.3.jar:/home/leed/.m2/repository/org/apache/commons/commons-compress/1.24.0/commons-compress-1.24.0.jar:/home/leed/.m2/repository/org/rnorth/duct-tape/duct-tape/1.0.8/duct-tape-1.0.8.jar:/home/leed/.m2/repository/com/github/docker-java/docker-java-api/3.4.0/docker-java-api-3.4.0.jar:/home/leed/.m2/repository/com/fasterxml/jackson/core/jackson-annotations/2.10.3/jackson-annotations-2.10.3.jar:/home/leed/.m2/repository/com/github/docker-java/docker-java-transport-zerodep/3.4.0/docker-java-transport-zerodep-3.4.0.jar:/home/leed/.m2/repository/com/github/docker-java/docker-java-transport/3.4.0/docker-java-transport-3.4.0.jar:/home/leed/.m2/repository/net/java/dev/jna/jna/5.13.0/jna-5.13.0.jar:/home/leed/.m2/repository/org/testcontainers/junit-jupiter/1.19.7/junit-jupiter-1.19.7.jar:/home/leed/.m2/repository/org/slf4j/slf4j-api/2.0.16/slf4j-api-2.0.16.jar:/home/leed/.m2/repository/org/slf4j/slf4j-simple/2.0.16/slf4j-simple-2.0.16.jar:/home/leed/.m2/repository/org/mockito/mockito-core/5.12.0/mockito-core-5.12.0.jar:/home/leed/.m2/repository/net/bytebuddy/byte-buddy-agent/1.14.15/byte-buddy-agent-1.14.15.jar:/home/leed/.m2/repository/org/objenesis/objenesis/3.3/objenesis-3.3.jar:/home/leed/.m2/repository/org/mockito/mockito-junit-jupiter/5.12.0/mockito-junit-jupiter-5.12.0.jar:/home/leed/.m2/repository/net/bytebuddy/byte-buddy/1.14.15/byte-buddy-1.14.15.jar:"/>
    <property name="java.vm.vendor" value="Ubuntu"/>
    <property name="sun.arch.data.model" value="64"/>
    <property name="java.vendor.url" value="https://ubuntu.com/"/>
    <property name="user.timezone" value="Europe/Vienna"/>
    <property name="os.name" value="Linux"/>
    <property name="java.vm.specification.version" value="21"/>
    <property name="sun.java.launcher" value="SUN_STANDARD"/>
    <property name="user.country" value="US"/>
    <property name="sun.boot.library.path" value="/usr/lib/jvm/java-21-openjdk-amd64/lib"/>
    <property name="sun.java.command" value="/home/leed/Documents/ESD/3/SQE/target/surefire/surefirebooter-20250108205400425_3.jar /home/leed/Documents/ESD/3/SQE/target/surefire 2025-01-08T20-54-00_381-jvmRun1 surefire-20250108205400425_1tmp surefire_0-20250108205400425_2tmp"/>
    <property name="jdk.debug" value="release"/>
    <property name="surefire.test.class.path" value="/home/leed/Documents/ESD/3/SQE/target/test-classes:/home/leed/Documents/ESD/3/SQE/target/classes:/home/leed/.m2/repository/org/jetbrains/annotations/24.1.0/annotations-24.1.0.jar:/home/leed/.m2/repository/org/junit/jupiter/junit-jupiter/5.11.4/junit-jupiter-5.11.4.jar:/home/leed/.m2/repository/org/junit/jupiter/junit-jupiter-api/5.10.1/junit-jupiter-api-5.10.1.jar:/home/leed/.m2/repository/org/opentest4j/opentest4j/1.3.0/opentest4j-1.3.0.jar:/home/leed/.m2/repository/org/junit/platform/junit-platform-commons/1.10.1/junit-platform-commons-1.10.1.jar:/home/leed/.m2/repository/org/apiguardian/apiguardian-api/1.1.2/apiguardian-api-1.1.2.jar:/home/leed/.m2/repository/org/junit/jupiter/junit-jupiter-params/5.10.1/junit-jupiter-params-5.10.1.jar:/home/leed/.m2/repository/org/junit/jupiter/junit-jupiter-engine/5.10.1/junit-jupiter-engine-5.10.1.jar:/home/leed/.m2/repository/org/junit/platform/junit-platform-engine/1.10.1/junit-platform-engine-1.10.1.jar:/home/leed/.m2/repository/org/eclipse/paho/org.eclipse.paho.mqttv5.client/1.2.5/org.eclipse.paho.mqttv5.client-1.2.5.jar:/home/leed/.m2/repository/com/hivemq/hivemq-mqtt-client/1.3.0/hivemq-mqtt-client-1.3.0.jar:/home/leed/.m2/repository/io/reactivex/rxjava2/rxjava/2.2.19/rxjava-2.2.19.jar:/home/leed/.m2/repository/org/reactivestreams/reactive-streams/1.0.3/reactive-streams-1.0.3.jar:/home/leed/.m2/repository/io/netty/netty-buffer/4.1.48.Final/netty-buffer-4.1.48.Final.jar:/home/leed/.m2/repository/io/netty/netty-codec/4.1.48.Final/netty-codec-4.1.48.Final.jar:/home/leed/.m2/repository/io/netty/netty-common/4.1.48.Final/netty-common-4.1.48.Final.jar:/home/leed/.m2/repository/io/netty/netty-handler/4.1.48.Final/netty-handler-4.1.48.Final.jar:/home/leed/.m2/repository/io/netty/netty-resolver/4.1.48.Final/netty-resolver-4.1.48.Final.jar:/home/leed/.m2/repository/io/netty/netty-transport/4.1.48.Final/netty-transport-4.1.48.Final.jar:/home/leed/.m2/repository/org/jctools/jctools-core/2.1.2/jctools-core-2.1.2.jar:/home/leed/.m2/repository/com/google/dagger/dagger/2.27/dagger-2.27.jar:/home/leed/.m2/repository/javax/inject/javax.inject/1/javax.inject-1.jar:/home/leed/.m2/repository/org/testcontainers/hivemq/1.19.7/hivemq-1.19.7.jar:/home/leed/.m2/repository/org/testcontainers/testcontainers/1.20.4/testcontainers-1.20.4.jar:/home/leed/.m2/repository/junit/junit/4.13.2/junit-4.13.2.jar:/home/leed/.m2/repository/org/hamcrest/hamcrest-core/1.3/hamcrest-core-1.3.jar:/home/leed/.m2/repository/org/apache/commons/commons-compress/1.24.0/commons-compress-1.24.0.jar:/home/leed/.m2/repository/org/rnorth/duct-tape/duct-tape/1.0.8/duct-tape-1.0.8.jar:/home/leed/.m2/repository/com/github/docker-java/docker-java-api/3.4.0/docker-java-api-3.4.0.jar:/home/leed/.m2/repository/com/fasterxml/jackson/core/jackson-annotations/2.10.3/jackson-annotations-2.10.3.jar:/home/leed/.m2/repository/com/github/docker-java/docker-java-transport-zerodep/3.4.0/docker-java-transport-zerodep-3.4.0.jar:/home/leed/.m2/repository/com/github/docker-java/docker-java-transport/3.4.0/docker-java-transport-3.4.0.jar:/home/leed/.m2/repository/net/java/dev/jna/jna/5.13.0/jna-5.13.0.jar:/home/leed/.m2/repository/org/testcontainers/junit-jupiter/1.19.7/junit-jupiter-1.19.7.jar:/home/leed/.m2/repository/org/slf4j/slf4j-api/2.0.16/slf4j-api-2.0.16.jar:/home/leed/.m2/repository/org/slf4j/slf4j-simple/2.0.16/slf4j-simple-2.0.16.jar:/home/leed/.m2/repository/org/mockito/mockito-core/5.12.0/mockito-core-5.12.0.jar:/home/leed/.m2/repository/net/bytebuddy/byte-buddy-agent/1.14.15/byte-buddy-agent-1.14.15.jar:/home/leed/.m2/repository/org/objenesis/objenesis/3.3/objenesis-3.3.jar:/home/leed/.m2/repository/org/mockito/mockito-junit-jupiter/5.12.0/mockito-junit-jupiter-5.12.0.jar:/home/leed/.m2/repository/net/bytebuddy/byte-buddy/1.14.15/byte-buddy-1.14.15.jar:"/>
    <property name="sun.cpu.endian" value="little"/>
    <property name="user.home" value="/home/leed"/>
    <property name="user.language" value="en"/>
    <property name="java.specification.vendor" value="Oracle Corporation"/>
    <property name="java.version.date" value="2024-10-15"/>
    <property name="java.home" value="/usr/lib/jvm/java-21-openjdk-amd64"/>
    <property name="file.separator" value="/"/>
    <property name="basedir" value="/home/leed/Documents/ESD/3/SQE"/>
    <property name="java.vm.compressedOopsMode" value="Zero based"/>
    <property name="line.separator" value="&#10;"/>
    <property name="java.specification.name" value="Java Platform API Specification"/>
    <property name="java.vm.specification.vendor" value="Oracle Corporation"/>
    <property name="surefire.real.class.path" value="/home/leed/Documents/ESD/3/SQE/target/surefire/surefirebooter-20250108205400425_3.jar"/>
    <property name="sun.management.compiler" value="HotSpot 64-Bit Tiered Compilers"/>
    <property name="java.runtime.version" value="21.0.5+11-Ubuntu-1ubuntu124.04"/>
    <property name="user.name" value="leed"/>
    <property name="stdout.encoding" value="UTF-8"/>
    <property name="path.separator" value=":"/>
    <property name="os.version" value="6.8.0-51-generic"/>
    <property name="java.runtime.name" value="OpenJDK Runtime Environment"/>
    <property name="file.encoding" value="UTF-8"/>
    <property name="sun.nio.ch.bugLevel" value=""/>
    <property name="java.vm.name" value="OpenJDK 64-Bit Server VM"/>
    <property name="localRepository" value="/home/leed/.m2/repository"/>
    <property name="java.vendor.url.bug" value="https://bugs.launchpad.net/ubuntu/+source/openjdk-21"/>
    <property name="java.io.tmpdir" value="/tmp"/>
    <property name="java.version" value="21.0.5"/>
    <property name="user.dir" value="/home/leed/Documents/ESD/3/SQE"/>
    <property name="os.arch" value="amd64"/>
    <property name="java.vm.specification.name" value="Java Virtual Machine Specification"/>
    <property name="native.encoding" value="UTF-8"/>
    <property name="java.library.path" value="/usr/java/packages/lib:/usr/lib/x86_64-linux-gnu/jni:/lib/x86_64-linux-gnu:/usr/lib/x86_64-linux-gnu:/usr/lib/jni:/lib:/usr/lib"/>
    <property name="java.vm.info" value="mixed mode, sharing"/>
    <property name="stderr.encoding" value="UTF-8"/>
    <property name="java.vendor" value="Ubuntu"/>
    <property name="java.vm.version" value="21.0.5+11-Ubuntu-1ubuntu124.04"/>
    <property name="sun.io.unicode.encoding" value="UnicodeLittle"/>
    <property name="java.class.version" value="65.0"/>
  </properties>
  <testcase name="testMQTTAdapterWithMockedElevatorAPI" classname="at.wielander.elevator.Model.MQTTAdapterTest" time="3.154">
    <system-out><![CDATA[Host addresse: tcp://localhost:33993
Connected to MQTT broker: CONNACK
MQTT Adapter running
Nachricht veröffentlicht: true für Topic: elevator/0/floorService/2
Nachricht veröffentlicht: 1 für Topic: elevator/0/committedDirection
Nachricht veröffentlicht: 3 für Topic: elevator/0/targetFloor
Received message on topic: elevator/0/committedDirection with payload: 1
Elevator 0 committed direction: 1
Received message on topic: elevator/0/floorService/2 with payload: true
Elevator 0 floor 2 service: true
Received message on topic: elevator/0/targetFloor with payload: 3
Elevator 0 target floor: 3
Disconnected from MQTT broker.
]]></system-out>
    <system-err><![CDATA[[main] INFO org.testcontainers.images.PullPolicy - Image pull policy will be performed by: DefaultPullPolicy()
[main] INFO org.testcontainers.utility.ImageNameSubstitutor - Image name substitution will be performed by: DefaultImageNameSubstitutor (composite of 'ConfigurationFileImageNameSubstitutor' and 'PrefixingImageNameSubstitutor')
[main] INFO org.testcontainers.DockerClientFactory - Testcontainers version: 1.20.4
[main] INFO org.testcontainers.dockerclient.DockerClientProviderStrategy - Loaded org.testcontainers.dockerclient.UnixSocketClientProviderStrategy from ~/.testcontainers.properties, will try it first
[main] INFO org.testcontainers.dockerclient.DockerClientProviderStrategy - Found Docker environment with local Unix socket (unix:///var/run/docker.sock)
[main] INFO org.testcontainers.DockerClientFactory - Docker host IP address is localhost
[main] INFO org.testcontainers.DockerClientFactory - Connected to docker: 
  Server Version: 27.2.0
  API Version: 1.47
  Operating System: Ubuntu Core 22
  Total Memory: 31196 MB
[main] INFO tc.testcontainers/ryuk:0.11.0 - Creating container for image: testcontainers/ryuk:0.11.0
[main] INFO org.testcontainers.utility.RegistryAuthLocator - Credential helper/store (docker-credential-desktop) does not have credentials for https://index.docker.io/v1/
[main] INFO tc.testcontainers/ryuk:0.11.0 - Container testcontainers/ryuk:0.11.0 is starting: dc536381af60b6b90c3ba271acff11015eabd1aeca0124e5115ff64406f0b1ca
[main] INFO tc.testcontainers/ryuk:0.11.0 - Container testcontainers/ryuk:0.11.0 started in PT0.276409484S
[main] INFO org.testcontainers.utility.RyukResourceReaper - Ryuk started - will monitor and terminate Testcontainers containers on JVM exit
[main] INFO org.testcontainers.DockerClientFactory - Checking the system...
[main] INFO org.testcontainers.DockerClientFactory - ✔︎ Docker server version should be at least 1.6.0
[main] INFO tc.hivemq/hivemq-ce:2024.3 - Creating container for image: hivemq/hivemq-ce:2024.3
[main] INFO tc.hivemq/hivemq-ce:2024.3 - Container hivemq/hivemq-ce:2024.3 is starting: 4a7bf1d95c07fe3a6591d59cab5e6d774acde4d49f3bc5235bb75a2c0d36c487
[main] INFO tc.hivemq/hivemq-ce:2024.3 - Container hivemq/hivemq-ce:2024.3 started in PT1.076262413S
]]></system-err>
  </testcase>
  <testcase name="testContainerStartup" classname="at.wielander.elevator.Model.MQTTAdapterTest" time="1.406">
    <system-out><![CDATA[Host addresse: tcp://localhost:33994
]]></system-out>
    <system-err><![CDATA[[main] INFO tc.hivemq/hivemq-ce:2024.3 - Creating container for image: hivemq/hivemq-ce:2024.3
[main] INFO tc.hivemq/hivemq-ce:2024.3 - Container hivemq/hivemq-ce:2024.3 is starting: b0c21cdf0e2a884fb10189e25fbda54965b50cb3ba63ad99674d9bfe6f4bfa01
[main] INFO tc.hivemq/hivemq-ce:2024.3 - Container hivemq/hivemq-ce:2024.3 started in PT1.103711984S
Failed to disconnect: MQTT client is not connected.
]]></system-err>
  </testcase>
  <testcase name="testDisconnect" classname="at.wielander.elevator.Model.MQTTAdapterTest" time="1.609">
    <system-out><![CDATA[Host addresse: tcp://localhost:33995
Connected to MQTT broker: CONNACK
Disconnected from MQTT broker.
]]></system-out>
    <system-err><![CDATA[[main] INFO tc.hivemq/hivemq-ce:2024.3 - Creating container for image: hivemq/hivemq-ce:2024.3
[main] INFO tc.hivemq/hivemq-ce:2024.3 - Container hivemq/hivemq-ce:2024.3 is starting: 416c8b7e5eae70b4e44a973c439cad779bf2b0a037041ad3ea70391beb14fc65
[main] INFO tc.hivemq/hivemq-ce:2024.3 - Container hivemq/hivemq-ce:2024.3 started in PT1.104701308S
Failed to disconnect: MQTT client is not connected.
]]></system-err>
  </testcase>
  <testcase name="testPeriodicUpdates" classname="at.wielander.elevator.Model.MQTTAdapterTest" time="6.707">
    <system-out><![CDATA[Host addresse: tcp://localhost:33996
Connected to MQTT broker: CONNACK
MQTT Adapter running
Subscription erfolgreich für Topic: elevator/0/currentFloor
Subscription erfolgreich für Topic: elevator/0/speed
Subscription erfolgreich für Topic: elevator/0/weight
Subscription erfolgreich für Topic: elevator/0/doorState
Subscription erfolgreich für Topic: elevator/0/button/0
Subscription erfolgreich für Topic: elevator/0/button/1
Subscription erfolgreich für Topic: elevator/0/button/2
Subscription erfolgreich für Topic: elevator/0/button/3
Subscription erfolgreich für Topic: elevator/1/currentFloor
Subscription erfolgreich für Topic: elevator/1/speed
Subscription erfolgreich für Topic: elevator/1/weight
Subscription erfolgreich für Topic: elevator/1/doorState
Subscription erfolgreich für Topic: elevator/1/button/0
Subscription erfolgreich für Topic: elevator/1/button/1
Subscription erfolgreich für Topic: elevator/1/button/2
Subscription erfolgreich für Topic: elevator/1/button/3
Subscription erfolgreich für Topic: floor/0/buttonDown
Subscription erfolgreich für Topic: floor/0/buttonUp
Subscription erfolgreich für Topic: floor/1/buttonDown
Subscription erfolgreich für Topic: floor/1/buttonUp
Subscription erfolgreich für Topic: floor/2/buttonDown
Subscription erfolgreich für Topic: floor/2/buttonUp
Subscription erfolgreich für Topic: floor/3/buttonDown
Subscription erfolgreich für Topic: floor/3/buttonUp
Nachricht empfangen: 0 für Topic: elevator/1/currentFloor
Nachricht empfangen: 0 für Topic: elevator/1/speed
Nachricht empfangen: 0 für Topic: elevator/1/weight
Nachricht empfangen: 2 für Topic: elevator/1/doorState
Nachricht empfangen: false für Topic: elevator/1/button/1
Nachricht empfangen: false für Topic: elevator/1/button/2
Nachricht empfangen: false für Topic: elevator/1/button/3
Nachricht empfangen: false für Topic: floor/1/buttonDown
Nachricht empfangen: false für Topic: floor/1/buttonUp
Nachricht empfangen: false für Topic: floor/2/buttonDown
Nachricht empfangen: false für Topic: floor/2/buttonUp
Nachricht empfangen: false für Topic: floor/3/buttonDown
Nachricht empfangen: false für Topic: floor/3/buttonUp
MQTT Adapter running
Disconnected from MQTT broker.
]]></system-out>
    <system-err><![CDATA[[main] INFO tc.hivemq/hivemq-ce:2024.3 - Creating container for image: hivemq/hivemq-ce:2024.3
[main] INFO tc.hivemq/hivemq-ce:2024.3 - Container hivemq/hivemq-ce:2024.3 is starting: 2dff49ac2cdd3156ccc7b301fdb8fcc37272b53b74137c2f9caf97c8e7b295c4
[main] INFO tc.hivemq/hivemq-ce:2024.3 - Container hivemq/hivemq-ce:2024.3 started in PT1.084279132S
]]></system-err>
  </testcase>
  <testcase name="testConnect" classname="at.wielander.elevator.Model.MQTTAdapterTest" time="1.686">
    <system-out><![CDATA[Host addresse: tcp://localhost:33997
Connected to MQTT broker: CONNACK
Disconnected from MQTT broker.
]]></system-out>
    <system-err><![CDATA[[main] INFO tc.hivemq/hivemq-ce:2024.3 - Creating container for image: hivemq/hivemq-ce:2024.3
[main] INFO tc.hivemq/hivemq-ce:2024.3 - Container hivemq/hivemq-ce:2024.3 is starting: 3a4b663a393756d8bb743c1bdb4410f11dda24dc3a2b58e9f5a4e6cece470c76
[main] INFO tc.hivemq/hivemq-ce:2024.3 - Container hivemq/hivemq-ce:2024.3 started in PT1.185701482S
]]></system-err>
  </testcase>
  <testcase name="testReconnect" classname="at.wielander.elevator.Model.MQTTAdapterTest" time="1.568">
    <system-out><![CDATA[Host addresse: tcp://localhost:33998
Reconnected to MQTT broker.
Disconnected from MQTT broker.
]]></system-out>
    <system-err><![CDATA[[main] INFO tc.hivemq/hivemq-ce:2024.3 - Creating container for image: hivemq/hivemq-ce:2024.3
[main] INFO tc.hivemq/hivemq-ce:2024.3 - Container hivemq/hivemq-ce:2024.3 is starting: 84806f3547f26ddae77e8e0fdb1d73c9b7c78fcfe75ce8d439d08f31da45ea86
[main] INFO tc.hivemq/hivemq-ce:2024.3 - Container hivemq/hivemq-ce:2024.3 started in PT1.067228647S
]]></system-err>
  </testcase>
  <testcase name="testPublishRetainedTopics" classname="at.wielander.elevator.Model.MQTTAdapterTest" time="1.635">
    <system-out><![CDATA[Host addresse: tcp://localhost:33999
Connected to MQTT broker: CONNACK
Subscription erfolgreich für Topic: building/info/numberOfElevators
Subscription erfolgreich für Topic: building/info/floorHeight/feet
Subscription erfolgreich für Topic: building/info/numberOfFloors
MQTT Adapter running
Disconnected from MQTT broker.
Error publishing messages
]]></system-out>
    <system-err><![CDATA[[main] INFO tc.hivemq/hivemq-ce:2024.3 - Creating container for image: hivemq/hivemq-ce:2024.3
[main] INFO tc.hivemq/hivemq-ce:2024.3 - Container hivemq/hivemq-ce:2024.3 is starting: 7c6225399177f8b2b2f1e96ce939c4f563329d1efa30362732dfb5926fd926cd
[main] INFO tc.hivemq/hivemq-ce:2024.3 - Container hivemq/hivemq-ce:2024.3 started in PT1.09633003S
]]></system-err>
  </testcase>
</testsuite>